[0.029s] Invoking command in '/home/ros2-humble/ROS2-evaluation/ws_practice/src/cpp01_topic/build/cpp01_topic': /usr/bin/cmake /home/ros2-humble/ROS2-evaluation/ws_practice/src/cpp01_topic -DCMAKE_INSTALL_PREFIX=/home/ros2-humble/ROS2-evaluation/ws_practice/src/cpp01_topic/install/cpp01_topic
[0.060s] -- The C compiler identification is GNU 11.4.0
[0.094s] -- The CXX compiler identification is GNU 11.4.0
[0.098s] -- Detecting C compiler ABI info
[0.138s] -- Detecting C compiler ABI info - done
[0.143s] -- Check for working C compiler: /usr/bin/cc - skipped
[0.143s] -- Detecting C compile features
[0.143s] -- Detecting C compile features - done
[0.145s] -- Detecting CXX compiler ABI info
[0.192s] -- Detecting CXX compiler ABI info - done
[0.197s] -- Check for working CXX compiler: /usr/bin/c++ - skipped
[0.197s] -- Detecting CXX compile features
[0.198s] -- Detecting CXX compile features - done
[0.203s] [31mCMake Error at CMakeLists.txt:9 (find_package):
[0.203s]   By not providing "Findament_cmake.cmake" in CMAKE_MODULE_PATH this project
[0.203s]   has asked CMake to find a package configuration file provided by
[0.203s]   "ament_cmake", but CMake did not find one.
[0.203s] 
[0.203s]   Could not find a package configuration file provided by "ament_cmake" with
[0.203s]   any of the following names:
[0.203s] 
[0.203s]     ament_cmakeConfig.cmake
[0.203s]     ament_cmake-config.cmake
[0.204s] 
[0.204s]   Add the installation prefix of "ament_cmake" to CMAKE_PREFIX_PATH or set
[0.204s]   "ament_cmake_DIR" to a directory containing one of the above files.  If
[0.204s]   "ament_cmake" provides a separate development package or SDK, be sure it
[0.204s]   has been installed.
[0.204s] 
[0.204s] [0m
[0.204s] -- Configuring incomplete, errors occurred!
[0.204s] See also "/home/ros2-humble/ROS2-evaluation/ws_practice/src/cpp01_topic/build/cpp01_topic/CMakeFiles/CMakeOutput.log".
[0.206s] Invoked command in '/home/ros2-humble/ROS2-evaluation/ws_practice/src/cpp01_topic/build/cpp01_topic' returned '1': /usr/bin/cmake /home/ros2-humble/ROS2-evaluation/ws_practice/src/cpp01_topic -DCMAKE_INSTALL_PREFIX=/home/ros2-humble/ROS2-evaluation/ws_practice/src/cpp01_topic/install/cpp01_topic
