[0.052s] Invoking command in '/home/ros2-humble/ROS2-evaluation/ws_practice/src/cpp01_topic/build/cpp01_topic': CMAKE_PREFIX_PATH=/opt/ros/humble /usr/bin/cmake /home/ros2-humble/ROS2-evaluation/ws_practice/src/cpp01_topic -DCMAKE_INSTALL_PREFIX=/home/ros2-humble/ROS2-evaluation/ws_practice/src/cpp01_topic/install/cpp01_topic
[0.061s] -- Found ament_cmake: 1.3.5 (/opt/ros/humble/share/ament_cmake/cmake)
[0.296s] -- Found Python3: /usr/bin/python3.10 (found version "3.10.12") found components: Interpreter 
[0.353s] -- Found rclcpp: 16.0.6 (/opt/ros/humble/share/rclcpp/cmake)
[0.412s] -- Found rosidl_generator_c: 3.1.5 (/opt/ros/humble/share/rosidl_generator_c/cmake)
[0.419s] -- Found rosidl_adapter: 3.1.5 (/opt/ros/humble/share/rosidl_adapter/cmake)
[0.432s] -- Found rosidl_generator_cpp: 3.1.5 (/opt/ros/humble/share/rosidl_generator_cpp/cmake)
[0.451s] -- Using all available rosidl_typesupport_c: rosidl_typesupport_fastrtps_c;rosidl_typesupport_introspection_c
[0.472s] -- Using all available rosidl_typesupport_cpp: rosidl_typesupport_fastrtps_cpp;rosidl_typesupport_introspection_cpp
[0.545s] -- Found rmw_implementation_cmake: 6.1.1 (/opt/ros/humble/share/rmw_implementation_cmake/cmake)
[0.548s] -- Found rmw_cyclonedds_cpp: 1.3.4 (/opt/ros/humble/share/rmw_cyclonedds_cpp/cmake)
[0.604s] -- Using RMW implementation 'rmw_cyclonedds_cpp' as default
[0.634s] -- Looking for pthread.h
[0.687s] -- Looking for pthread.h - found
[0.687s] -- Performing Test CMAKE_HAVE_LIBC_PTHREAD
[0.731s] -- Performing Test CMAKE_HAVE_LIBC_PTHREAD - Success
[0.732s] -- Found Threads: TRUE  
[0.902s] [31mCMake Error at CMakeLists.txt:12 (find_package):
[0.902s]   By not providing "Findbase_interfaces_demo.cmake" in CMAKE_MODULE_PATH this
[0.902s]   project has asked CMake to find a package configuration file provided by
[0.902s]   "base_interfaces_demo", but CMake did not find one.
[0.902s] 
[0.903s]   Could not find a package configuration file provided by
[0.903s]   "base_interfaces_demo" with any of the following names:
[0.903s] 
[0.903s]     base_interfaces_demoConfig.cmake
[0.903s]     base_interfaces_demo-config.cmake
[0.903s] 
[0.903s]   Add the installation prefix of "base_interfaces_demo" to CMAKE_PREFIX_PATH
[0.903s]   or set "base_interfaces_demo_DIR" to a directory containing one of the
[0.903s]   above files.  If "base_interfaces_demo" provides a separate development
[0.903s]   package or SDK, be sure it has been installed.
[0.903s] 
[0.903s] [0m
[0.903s] -- Configuring incomplete, errors occurred!
[0.903s] See also "/home/ros2-humble/ROS2-evaluation/ws_practice/src/cpp01_topic/build/cpp01_topic/CMakeFiles/CMakeOutput.log".
[0.906s] Invoked command in '/home/ros2-humble/ROS2-evaluation/ws_practice/src/cpp01_topic/build/cpp01_topic' returned '1': CMAKE_PREFIX_PATH=/opt/ros/humble /usr/bin/cmake /home/ros2-humble/ROS2-evaluation/ws_practice/src/cpp01_topic -DCMAKE_INSTALL_PREFIX=/home/ros2-humble/ROS2-evaluation/ws_practice/src/cpp01_topic/install/cpp01_topic
