[0.758s] DEBUG:colcon:Command line arguments: ['/usr/bin/colcon', 'build']
[0.758s] DEBUG:colcon:Parsed command line arguments: Namespace(log_base=None, log_level=None, verb_name='build', build_base='build', install_base='install', merge_install=False, symlink_install=False, test_result_base=None, continue_on_error=False, executor='parallel', parallel_workers=16, event_handlers=None, ignore_user_meta=False, metas=['./colcon.meta'], base_paths=['.'], packages_ignore=None, packages_ignore_regex=None, paths=None, packages_up_to=None, packages_up_to_regex=None, packages_above=None, packages_above_and_dependencies=None, packages_above_depth=None, packages_select_by_dep=None, packages_skip_by_dep=None, packages_skip_up_to=None, packages_select_build_failed=False, packages_skip_build_finished=False, packages_select_test_failures=False, packages_skip_test_passed=False, packages_select=None, packages_skip=None, packages_select_regex=None, packages_skip_regex=None, packages_start=None, packages_end=None, allow_overriding=[], cmake_args=None, cmake_target=None, cmake_target_skip_unavailable=False, cmake_clean_cache=False, cmake_clean_first=False, cmake_force_configure=False, ament_cmake_args=None, catkin_cmake_args=None, catkin_skip_building_tests=False, verb_parser=<colcon_defaults.argument_parser.defaults.DefaultArgumentsDecorator object at 0x7fdf2473cb20>, verb_extension=<colcon_core.verb.build.BuildVerb object at 0x7fdf24ee3d60>, main=<bound method BuildVerb.main of <colcon_core.verb.build.BuildVerb object at 0x7fdf24ee3d60>>)
[0.801s] Level 1:colcon.colcon_core.package_discovery:discover_packages(colcon_meta) check parameters
[0.801s] Level 1:colcon.colcon_core.package_discovery:discover_packages(recursive) check parameters
[0.801s] Level 1:colcon.colcon_core.package_discovery:discover_packages(ignore) check parameters
[0.801s] Level 1:colcon.colcon_core.package_discovery:discover_packages(path) check parameters
[0.801s] Level 1:colcon.colcon_core.package_discovery:discover_packages(colcon_meta) discover
[0.801s] Level 1:colcon.colcon_core.package_discovery:discover_packages(recursive) discover
[0.801s] INFO:colcon.colcon_core.package_discovery:Crawling recursively for packages in '/home/ros2-humble/ROS2-evaluation/ws_practice/src/cpp01_topic'
[0.801s] Level 1:colcon.colcon_core.package_identification:_identify(.) by extensions ['ignore', 'ignore_ament_install']
[0.801s] Level 1:colcon.colcon_core.package_identification:_identify(.) by extension 'ignore'
[0.801s] Level 1:colcon.colcon_core.package_identification:_identify(.) by extension 'ignore_ament_install'
[0.801s] Level 1:colcon.colcon_core.package_identification:_identify(.) by extensions ['colcon_pkg']
[0.801s] Level 1:colcon.colcon_core.package_identification:_identify(.) by extension 'colcon_pkg'
[0.801s] Level 1:colcon.colcon_core.package_identification:_identify(.) by extensions ['colcon_meta']
[0.801s] Level 1:colcon.colcon_core.package_identification:_identify(.) by extension 'colcon_meta'
[0.801s] Level 1:colcon.colcon_core.package_identification:_identify(.) by extensions ['ros']
[0.801s] Level 1:colcon.colcon_core.package_identification:_identify(.) by extension 'ros'
[0.814s] DEBUG:colcon.colcon_core.package_identification:Package '.' with type 'ros.ament_cmake' and name 'cpp01_topic'
[0.814s] Level 1:colcon.colcon_core.package_discovery:discover_packages(recursive) using defaults
[0.814s] Level 1:colcon.colcon_core.package_discovery:discover_packages(ignore) discover
[0.814s] Level 1:colcon.colcon_core.package_discovery:discover_packages(ignore) using defaults
[0.814s] Level 1:colcon.colcon_core.package_discovery:discover_packages(path) discover
[0.814s] Level 1:colcon.colcon_core.package_discovery:discover_packages(path) using defaults
[0.884s] Level 1:colcon.colcon_core.package_discovery:discover_packages(prefix_path) check parameters
[0.884s] Level 1:colcon.colcon_core.package_discovery:discover_packages(prefix_path) discover
[0.896s] Level 1:colcon.colcon_core.package_discovery:discover_packages(prefix_path) using defaults
[0.919s] Level 5:colcon.colcon_core.verb:set package 'cpp01_topic' build argument 'cmake_args' from command line to 'None'
[0.919s] Level 5:colcon.colcon_core.verb:set package 'cpp01_topic' build argument 'cmake_target' from command line to 'None'
[0.919s] Level 5:colcon.colcon_core.verb:set package 'cpp01_topic' build argument 'cmake_target_skip_unavailable' from command line to 'False'
[0.919s] Level 5:colcon.colcon_core.verb:set package 'cpp01_topic' build argument 'cmake_clean_cache' from command line to 'False'
[0.919s] Level 5:colcon.colcon_core.verb:set package 'cpp01_topic' build argument 'cmake_clean_first' from command line to 'False'
[0.919s] Level 5:colcon.colcon_core.verb:set package 'cpp01_topic' build argument 'cmake_force_configure' from command line to 'False'
[0.919s] Level 5:colcon.colcon_core.verb:set package 'cpp01_topic' build argument 'ament_cmake_args' from command line to 'None'
[0.919s] Level 5:colcon.colcon_core.verb:set package 'cpp01_topic' build argument 'catkin_cmake_args' from command line to 'None'
[0.919s] Level 5:colcon.colcon_core.verb:set package 'cpp01_topic' build argument 'catkin_skip_building_tests' from command line to 'False'
[0.919s] DEBUG:colcon.colcon_core.verb:Building package 'cpp01_topic' with the following arguments: {'ament_cmake_args': None, 'build_base': '/home/ros2-humble/ROS2-evaluation/ws_practice/src/cpp01_topic/build/cpp01_topic', 'catkin_cmake_args': None, 'catkin_skip_building_tests': False, 'cmake_args': None, 'cmake_clean_cache': False, 'cmake_clean_first': False, 'cmake_force_configure': False, 'cmake_target': None, 'cmake_target_skip_unavailable': False, 'install_base': '/home/ros2-humble/ROS2-evaluation/ws_practice/src/cpp01_topic/install/cpp01_topic', 'merge_install': False, 'path': '/home/ros2-humble/ROS2-evaluation/ws_practice/src/cpp01_topic', 'symlink_install': False, 'test_result_base': None}
[0.930s] INFO:colcon.colcon_core.executor:Executing jobs using 'parallel' executor
[0.942s] DEBUG:colcon.colcon_parallel_executor.executor.parallel:run_until_complete
[0.943s] INFO:colcon.colcon_ros.task.ament_cmake.build:Building ROS package in '/home/ros2-humble/ROS2-evaluation/ws_practice/src/cpp01_topic' with build type 'ament_cmake'
[0.943s] INFO:colcon.colcon_cmake.task.cmake.build:Building CMake package in '/home/ros2-humble/ROS2-evaluation/ws_practice/src/cpp01_topic'
[0.956s] INFO:colcon.colcon_core.plugin_system:Skipping extension 'colcon_core.shell.bat': Not used on non-Windows systems
[0.956s] INFO:colcon.colcon_core.shell:Skip shell extension 'powershell' for command environment: Not usable outside of PowerShell
[0.956s] DEBUG:colcon.colcon_core.shell:Skip shell extension 'dsv' for command environment
[0.972s] DEBUG:colcon.colcon_core.event_handler.log_command:Invoking command in '/home/ros2-humble/ROS2-evaluation/ws_practice/src/cpp01_topic/build/cpp01_topic': /usr/bin/cmake /home/ros2-humble/ROS2-evaluation/ws_practice/src/cpp01_topic -DCMAKE_INSTALL_PREFIX=/home/ros2-humble/ROS2-evaluation/ws_practice/src/cpp01_topic/install/cpp01_topic
[1.149s] DEBUG:colcon.colcon_core.event_handler.log_command:Invoked command in '/home/ros2-humble/ROS2-evaluation/ws_practice/src/cpp01_topic/build/cpp01_topic' returned '1': /usr/bin/cmake /home/ros2-humble/ROS2-evaluation/ws_practice/src/cpp01_topic -DCMAKE_INSTALL_PREFIX=/home/ros2-humble/ROS2-evaluation/ws_practice/src/cpp01_topic/install/cpp01_topic
[1.154s] Level 1:colcon.colcon_core.environment:create_environment_scripts_only(cpp01_topic)
[1.167s] Level 1:colcon.colcon_core.environment:checking '/home/ros2-humble/ROS2-evaluation/ws_practice/src/cpp01_topic/install/cpp01_topic' for CMake module files
[1.167s] Level 1:colcon.colcon_core.environment:checking '/home/ros2-humble/ROS2-evaluation/ws_practice/src/cpp01_topic/install/cpp01_topic' for CMake config files
[1.168s] Level 1:colcon.colcon_core.environment:checking '/home/ros2-humble/ROS2-evaluation/ws_practice/src/cpp01_topic/install/cpp01_topic/bin'
[1.168s] Level 1:colcon.colcon_core.environment:checking '/home/ros2-humble/ROS2-evaluation/ws_practice/src/cpp01_topic/install/cpp01_topic/lib/pkgconfig/cpp01_topic.pc'
[1.168s] Level 1:colcon.colcon_core.environment:checking '/home/ros2-humble/ROS2-evaluation/ws_practice/src/cpp01_topic/install/cpp01_topic/lib/python3.10/site-packages'
[1.168s] Level 1:colcon.colcon_core.environment:checking '/home/ros2-humble/ROS2-evaluation/ws_practice/src/cpp01_topic/install/cpp01_topic/bin'
[1.180s] INFO:colcon.colcon_core.shell:Creating package script '/home/ros2-humble/ROS2-evaluation/ws_practice/src/cpp01_topic/install/cpp01_topic/share/cpp01_topic/package.ps1'
[1.180s] INFO:colcon.colcon_core.shell:Creating package descriptor '/home/ros2-humble/ROS2-evaluation/ws_practice/src/cpp01_topic/install/cpp01_topic/share/cpp01_topic/package.dsv'
[1.181s] INFO:colcon.colcon_core.shell:Creating package script '/home/ros2-humble/ROS2-evaluation/ws_practice/src/cpp01_topic/install/cpp01_topic/share/cpp01_topic/package.sh'
[1.181s] INFO:colcon.colcon_core.shell:Creating package script '/home/ros2-humble/ROS2-evaluation/ws_practice/src/cpp01_topic/install/cpp01_topic/share/cpp01_topic/package.bash'
[1.182s] INFO:colcon.colcon_core.shell:Creating package script '/home/ros2-humble/ROS2-evaluation/ws_practice/src/cpp01_topic/install/cpp01_topic/share/cpp01_topic/package.zsh'
[1.182s] Level 1:colcon.colcon_core.environment:create_file_with_runtime_dependencies(/home/ros2-humble/ROS2-evaluation/ws_practice/src/cpp01_topic/install/cpp01_topic/share/colcon-core/packages/cpp01_topic)
[1.193s] DEBUG:colcon.colcon_parallel_executor.executor.parallel:closing loop
[1.193s] DEBUG:colcon.colcon_parallel_executor.executor.parallel:loop closed
[1.193s] DEBUG:colcon.colcon_parallel_executor.executor.parallel:run_until_complete finished with '1'
[1.193s] DEBUG:colcon.colcon_core.event_reactor:joining thread
[1.209s] INFO:colcon.colcon_core.plugin_system:Skipping extension 'colcon_notification.desktop_notification.terminal_notifier': Not used on non-Darwin systems
[1.209s] INFO:colcon.colcon_core.plugin_system:Skipping extension 'colcon_notification.desktop_notification.win32': Not used on non-Windows systems
[1.209s] INFO:colcon.colcon_notification.desktop_notification:Sending desktop notification using 'notify2'
[1.216s] DEBUG:colcon.colcon_core.event_reactor:joined thread
[1.228s] INFO:colcon.colcon_core.shell:Creating prefix script '/home/ros2-humble/ROS2-evaluation/ws_practice/src/cpp01_topic/install/local_setup.ps1'
[1.228s] INFO:colcon.colcon_core.shell:Creating prefix util module '/home/ros2-humble/ROS2-evaluation/ws_practice/src/cpp01_topic/install/_local_setup_util_ps1.py'
[1.229s] INFO:colcon.colcon_core.shell:Creating prefix chain script '/home/ros2-humble/ROS2-evaluation/ws_practice/src/cpp01_topic/install/setup.ps1'
[1.241s] INFO:colcon.colcon_core.shell:Creating prefix script '/home/ros2-humble/ROS2-evaluation/ws_practice/src/cpp01_topic/install/local_setup.sh'
[1.242s] INFO:colcon.colcon_core.shell:Creating prefix util module '/home/ros2-humble/ROS2-evaluation/ws_practice/src/cpp01_topic/install/_local_setup_util_sh.py'
[1.242s] INFO:colcon.colcon_core.shell:Creating prefix chain script '/home/ros2-humble/ROS2-evaluation/ws_practice/src/cpp01_topic/install/setup.sh'
[1.254s] INFO:colcon.colcon_core.shell:Creating prefix script '/home/ros2-humble/ROS2-evaluation/ws_practice/src/cpp01_topic/install/local_setup.bash'
[1.254s] INFO:colcon.colcon_core.shell:Creating prefix chain script '/home/ros2-humble/ROS2-evaluation/ws_practice/src/cpp01_topic/install/setup.bash'
[1.266s] INFO:colcon.colcon_core.shell:Creating prefix script '/home/ros2-humble/ROS2-evaluation/ws_practice/src/cpp01_topic/install/local_setup.zsh'
[1.266s] INFO:colcon.colcon_core.shell:Creating prefix chain script '/home/ros2-humble/ROS2-evaluation/ws_practice/src/cpp01_topic/install/setup.zsh'
