[0.028s] Invoking command in '/home/ros2-humble/ROS2-evaluation/ws_practice/src/cpp01_topic/build/cpp01_topic': /usr/bin/cmake /home/ros2-humble/ROS2-evaluation/ws_practice/src/cpp01_topic -DCMAKE_INSTALL_PREFIX=/home/ros2-humble/ROS2-evaluation/ws_practice/src/cpp01_topic/install/cpp01_topic
[0.109s] -- The C compiler identification is GNU 11.4.0
[0.143s] -- The CXX compiler identification is GNU 11.4.0
[0.147s] -- Detecting C compiler ABI info
[0.186s] -- Detecting C compiler ABI info - done
[0.191s] -- Check for working C compiler: /usr/bin/cc - skipped
[0.191s] -- Detecting C compile features
[0.191s] -- Detecting C compile features - done
[0.193s] -- Detecting CXX compiler ABI info
[0.239s] -- Detecting CXX compiler ABI info - done
[0.245s] -- Check for working CXX compiler: /usr/bin/c++ - skipped
[0.245s] -- Detecting CXX compile features
[0.245s] -- Detecting CXX compile features - done
[0.252s] [31mCMake Error at CMakeLists.txt:9 (find_package):
[0.252s]   By not providing "Findament_cmake.cmake" in CMAKE_MODULE_PATH this project
[0.252s]   has asked CMake to find a package configuration file provided by
[0.252s]   "ament_cmake", but CMake did not find one.
[0.252s] 
[0.252s]   Could not find a package configuration file provided by "ament_cmake" with
[0.252s]   any of the following names:
[0.252s] 
[0.252s]     ament_cmakeConfig.cmake
[0.252s]     ament_cmake-config.cmake
[0.252s] 
[0.252s]   Add the installation prefix of "ament_cmake" to CMAKE_PREFIX_PATH or set
[0.252s]   "ament_cmake_DIR" to a directory containing one of the above files.  If
[0.252s]   "ament_cmake" provides a separate development package or SDK, be sure it
[0.252s]   has been installed.
[0.252s] 
[0.252s] [0m
[0.252s] -- Configuring incomplete, errors occurred!
[0.252s] See also "/home/ros2-humble/ROS2-evaluation/ws_practice/src/cpp01_topic/build/cpp01_topic/CMakeFiles/CMakeOutput.log".
[0.254s] Invoked command in '/home/ros2-humble/ROS2-evaluation/ws_practice/src/cpp01_topic/build/cpp01_topic' returned '1': /usr/bin/cmake /home/ros2-humble/ROS2-evaluation/ws_practice/src/cpp01_topic -DCMAKE_INSTALL_PREFIX=/home/ros2-humble/ROS2-evaluation/ws_practice/src/cpp01_topic/install/cpp01_topic
